
ROM used:   291/1024 (28%)
            291/1024 (28%) including unused fragments

            0.5 Average locations per line
            13.9 Average locations per statement

RAM used:   10/64 (16%) at main() level
            18/64 (28%) worst case

Stack used: 2 worst case (2 in main + 0 for interrupts)
Stack size: 8

Lines Stmts  %   Files
----- ----- ---  -----
   49    21 100  con12f675.c
  487     0   0  C:\Program Files (x86)\PICC\Devices\12F675.h
----- -----
  536    21 Total

Page ROM  %  RAM   Vol Diff  Functions:
---- --- --- ---   --- ----  ----------
0     20   7    1             @delay_ms1
0     35  12    1             @PUTCHAR_1_
0    138  47    1   594  5.2  main
0     88  30    8             @PRINTF_LU_519
 Inline         0             @cinit1

Program metrics:
    Functions               1
    Statements              21
    Comments                87
    Volume (V)              604
    Difficulty (D)          4.8
    Effort to implement (E) 2873
    Time to implement (T)   3 minutes
    Est Delivered Bugs (B)  0
    Cyclomatic Complexity   2
    Maintainability (MI)    135

 Segment     Used  Free
-----------  ----  ----
00000-00003     4  0  
00004-003FF   287  733  



